# JRE version: Java(TM) SE Runtime Environment (8.0_181-b13) (build 1.8.0_181-b13)
# Java VM: Java HotSpot(TM) 64-Bit Server VM (25.181-b13 mixed mode windows-amd64 compressed oops)
Heap:
 PSYoungGen      total 25088K, used 19081K [0x00000000fdf00000, 0x00000000fff00000, 0x0000000100000000)
  eden space 17408K, 100% used [0x00000000fdf00000,0x00000000ff000000,0x00000000ff000000)
  from space 7680K, 21% used [0x00000000ff780000,0x00000000ff922618,0x00000000fff00000)
  to   space 1536K, 60% used [0x00000000ff000000,0x00000000ff0e8000,0x00000000ff180000)
 ParOldGen       total 37376K, used 9522K [0x00000000f9c00000, 0x00000000fc080000, 0x00000000fdf00000)
  object space 37376K, 25% used [0x00000000f9c00000,0x00000000fa54ca48,0x00000000fc080000)
 Metaspace       used 25634K, capacity 26544K, committed 26752K, reserved 1075200K
  class space    used 3415K, capacity 3626K, committed 3712K, reserved 1048576K
GC Heap History (10 events):
Event: 14.391 GC heap before
{Heap before GC invocations=8 (full 0):
 PSYoungGen      total 26112K, used 9680K [0x00000000fdf00000, 0x0000000100000000, 0x0000000100000000)
  eden space 18432K, 33% used [0x00000000fdf00000,0x00000000fe5178f0,0x00000000ff100000)
  from space 7680K, 44% used [0x00000000ff100000,0x00000000ff45c7d0,0x00000000ff880000)
  to   space 7680K, 0% used [0x00000000ff880000,0x00000000ff880000,0x0000000100000000)
 ParOldGen       total 68608K, used 8403K [0x00000000f9c00000, 0x00000000fdf00000, 0x00000000fdf00000)
  object space 68608K, 12% used [0x00000000f9c00000,0x00000000fa434d78,0x00000000fdf00000)
 Metaspace       used 20637K, capacity 21214K, committed 21296K, reserved 1067008K
  class space    used 2680K, capacity 2875K, committed 2944K, reserved 1048576K
Event: 14.422 GC heap after
Heap after GC invocations=8 (full 0):
 PSYoungGen      total 26112K, used 1976K [0x00000000fdf00000, 0x0000000100000000, 0x0000000100000000)
  eden space 18432K, 0% used [0x00000000fdf00000,0x00000000fdf00000,0x00000000ff100000)
  from space 7680K, 25% used [0x00000000ff880000,0x00000000ffa6e370,0x0000000100000000)
  to   space 7680K, 0% used [0x00000000ff100000,0x00000000ff100000,0x00000000ff880000)
 ParOldGen       total 68608K, used 9083K [0x00000000f9c00000, 0x00000000fdf00000, 0x00000000fdf00000)
  object space 68608K, 13% used [0x00000000f9c00000,0x00000000fa4ded78,0x00000000fdf00000)
 Metaspace       used 20637K, capacity 21214K, committed 21296K, reserved 1067008K
  class space    used 2680K, capacity 2875K, committed 2944K, reserved 1048576K
}
Event: 14.422 GC heap before
{Heap before GC invocations=9 (full 1):
 PSYoungGen      total 26112K, used 1976K [0x00000000fdf00000, 0x0000000100000000, 0x0000000100000000)
  eden space 18432K, 0% used [0x00000000fdf00000,0x00000000fdf00000,0x00000000ff100000)
  from space 7680K, 25% used [0x00000000ff880000,0x00000000ffa6e370,0x0000000100000000)
  to   space 7680K, 0% used [0x00000000ff100000,0x00000000ff100000,0x00000000ff880000)
 ParOldGen       total 68608K, used 9083K [0x00000000f9c00000, 0x00000000fdf00000, 0x00000000fdf00000)
  object space 68608K, 13% used [0x00000000f9c00000,0x00000000fa4ded78,0x00000000fdf00000)
 Metaspace       used 20637K, capacity 21214K, committed 21296K, reserved 1067008K
  class space    used 2680K, capacity 2875K, committed 2944K, reserved 1048576K
Event: 14.539 GC heap after
Heap after GC invocations=9 (full 1):
 PSYoungGen      total 26112K, used 0K [0x00000000fdf00000, 0x0000000100000000, 0x0000000100000000)
  eden space 18432K, 0% used [0x00000000fdf00000,0x00000000fdf00000,0x00000000ff100000)
  from space 7680K, 0% used [0x00000000ff880000,0x00000000ff880000,0x0000000100000000)
  to   space 7680K, 0% used [0x00000000ff100000,0x00000000ff100000,0x00000000ff880000)
 ParOldGen       total 37376K, used 5745K [0x00000000f9c00000, 0x00000000fc080000, 0x00000000fdf00000)
  object space 37376K, 15% used [0x00000000f9c00000,0x00000000fa19c630,0x00000000fc080000)
 Metaspace       used 20636K, capacity 21208K, committed 21296K, reserved 1067008K
  class space    used 2680K, capacity 2874K, committed 2944K, reserved 1048576K
}
Event: 14.900 GC heap before
{Heap before GC invocations=10 (full 1):
 PSYoungGen      total 26112K, used 18432K [0x00000000fdf00000, 0x0000000100000000, 0x0000000100000000)
  eden space 18432K, 100% used [0x00000000fdf00000,0x00000000ff100000,0x00000000ff100000)
  from space 7680K, 0% used [0x00000000ff880000,0x00000000ff880000,0x0000000100000000)
  to   space 7680K, 0% used [0x00000000ff100000,0x00000000ff100000,0x00000000ff880000)
 ParOldGen       total 37376K, used 5745K [0x00000000f9c00000, 0x00000000fc080000, 0x00000000fdf00000)
  object space 37376K, 15% used [0x00000000f9c00000,0x00000000fa19c630,0x00000000fc080000)
 Metaspace       used 21652K, capacity 22340K, committed 22528K, reserved 1069056K
  class space    used 2823K, capacity 3004K, committed 3072K, reserved 1048576K
Event: 14.911 GC heap after
Heap after GC invocations=10 (full 1):
 PSYoungGen      total 19968K, used 1526K [0x00000000fdf00000, 0x0000000100000000, 0x0000000100000000)
  eden space 18432K, 0% used [0x00000000fdf00000,0x00000000fdf00000,0x00000000ff100000)
  from space 1536K, 99% used [0x00000000ff100000,0x00000000ff27d908,0x00000000ff280000)
  to   space 8192K, 0% used [0x00000000ff800000,0x00000000ff800000,0x0000000100000000)
 ParOldGen       total 37376K, used 5753K [0x00000000f9c00000, 0x00000000fc080000, 0x00000000fdf00000)
  object space 37376K, 15% used [0x00000000f9c00000,0x00000000fa19e630,0x00000000fc080000)
 Metaspace       used 21652K, capacity 22340K, committed 22528K, reserved 1069056K
  class space    used 2823K, capacity 3004K, committed 3072K, reserved 1048576K
}
Event: 15.222 GC heap before
{Heap before GC invocations=11 (full 1):
 PSYoungGen      total 19968K, used 19958K [0x00000000fdf00000, 0x0000000100000000, 0x0000000100000000)
  eden space 18432K, 100% used [0x00000000fdf00000,0x00000000ff100000,0x00000000ff100000)
  from space 1536K, 99% used [0x00000000ff100000,0x00000000ff27d908,0x00000000ff280000)
  to   space 8192K, 0% used [0x00000000ff800000,0x00000000ff800000,0x0000000100000000)
 ParOldGen       total 37376K, used 5753K [0x00000000f9c00000, 0x00000000fc080000, 0x00000000fdf00000)
  object space 37376K, 15% used [0x00000000f9c00000,0x00000000fa19e630,0x00000000fc080000)
 Metaspace       used 22715K, capacity 23488K, committed 23680K, reserved 1069056K
  class space    used 2972K, capacity 3182K, committed 3200K, reserved 1048576K
Event: 15.234 GC heap after
Heap after GC invocations=11 (full 1):
 PSYoungGen      total 25600K, used 1720K [0x00000000fdf00000, 0x0000000100000000, 0x0000000100000000)
  eden space 17408K, 0% used [0x00000000fdf00000,0x00000000fdf00000,0x00000000ff000000)
  from space 8192K, 21% used [0x00000000ff800000,0x00000000ff9ae2d8,0x0000000100000000)
  to   space 8192K, 0% used [0x00000000ff000000,0x00000000ff000000,0x00000000ff800000)
 ParOldGen       total 37376K, used 5761K [0x00000000f9c00000, 0x00000000fc080000, 0x00000000fdf00000)
  object space 37376K, 15% used [0x00000000f9c00000,0x00000000fa1a0630,0x00000000fc080000)
 Metaspace       used 22715K, capacity 23488K, committed 23680K, reserved 1069056K
  class space    used 2972K, capacity 3182K, committed 3200K, reserved 1048576K
}
Event: 17.267 GC heap before
{Heap before GC invocations=12 (full 1):
 PSYoungGen      total 25600K, used 19128K [0x00000000fdf00000, 0x0000000100000000, 0x0000000100000000)
  eden space 17408K, 100% used [0x00000000fdf00000,0x00000000ff000000,0x00000000ff000000)
  from space 8192K, 21% used [0x00000000ff800000,0x00000000ff9ae2d8,0x0000000100000000)
  to   space 8192K, 0% used [0x00000000ff000000,0x00000000ff000000,0x00000000ff800000)
 ParOldGen       total 37376K, used 5761K [0x00000000f9c00000, 0x00000000fc080000, 0x00000000fdf00000)
  object space 37376K, 15% used [0x00000000f9c00000,0x00000000fa1a0630,0x00000000fc080000)
 Metaspace       used 23715K, capacity 24510K, committed 24704K, reserved 1071104K
  class space    used 3139K, capacity 3337K, committed 3456K, reserved 1048576K
Event: 17.270 GC heap after
Heap after GC invocations=12 (full 1):
 PSYoungGen      total 25600K, used 1456K [0x00000000fdf00000, 0x0000000100000000, 0x0000000100000000)
  eden space 17408K, 0% used [0x00000000fdf00000,0x00000000fdf00000,0x00000000ff000000)
  from space 8192K, 17% used [0x00000000ff000000,0x00000000ff16c010,0x00000000ff800000)
  to   space 8192K, 0% used [0x00000000ff800000,0x00000000ff800000,0x0000000100000000)
 ParOldGen       total 37376K, used 6425K [0x00000000f9c00000, 0x00000000fc080000, 0x00000000fdf00000)
  object space 37376K, 17% used [0x00000000f9c00000,0x00000000fa246630,0x00000000fc080000)
 Metaspace       used 23715K, capacity 24510K, committed 24704K, reserved 1071104K
  class space    used 3139K, capacity 3337K, committed 3456K, reserved 1048576K
}

